<?xml version="1.0" encoding="UTF-8"?>
<!-- Generated by org.testng.reporters.JUnitReportReporter -->
<testsuite hostname="DESKTOP-E08C3A6" failures="0" tests="15" name="Tests.guest_user_flow" time="69.212" errors="0" timestamp="2025-09-25T17:41:16 IST" skipped="0">
  <testcase classname="Tests.guest_user_flow" name="verifyElementsForguestUser" time="6.406"/>
  <testcase classname="Tests.guest_user_flow" name="verifyElementsForguestUser" time="3.973"/>
  <testcase classname="Tests.guest_user_flow" name="verifyElementsForguestUser" time="5.059"/>
  <testcase classname="Tests.guest_user_flow" name="verifyElementsForguestUser" time="4.621"/>
  <testcase classname="Tests.guest_user_flow" name="verifyElementsForguestUser" time="4.006"/>
  <testcase classname="Tests.guest_user_flow" name="verifyElementsForguestUser" time="10.630"/>
  <testcase classname="Tests.guest_user_flow" name="verifyElementsForguestUser" time="3.985"/>
  <testcase classname="Tests.guest_user_flow" name="verifyElementsForguestUser" time="2.139"/>
  <testcase classname="Tests.guest_user_flow" name="verifyElementsForguestUser" time="4.434"/>
  <testcase classname="Tests.guest_user_flow" name="verifyElementsForguestUser" time="4.782"/>
  <testcase classname="Tests.guest_user_flow" name="verifyElementsForguestUser" time="4.786"/>
  <testcase classname="Tests.guest_user_flow" name="verifyElementsForguestUser" time="4.955"/>
  <testcase classname="Tests.guest_user_flow" name="verifyElementsForguestUser" time="5.204"/>
  <testcase classname="Tests.guest_user_flow" name="verifyElementsForguestUser" time="1.906"/>
  <testcase classname="Tests.guest_user_flow" name="verifyElementsForguestUser" time="2.326"/>
</testsuite> <!-- Tests.guest_user_flow -->
