<?xml version="1.0" encoding="UTF-8"?>
<!-- Generated by org.testng.reporters.JUnitReportReporter -->
<testsuite hostname="DESKTOP-E08C3A6" failures="0" tests="15" name="Tests.guest_user_flow" time="67.751" errors="0" timestamp="2025-09-08T19:44:58 IST" skipped="0">
  <testcase classname="Tests.guest_user_flow" name="verifyElementsForguestUser" time="3.988"/>
  <testcase classname="Tests.guest_user_flow" name="verifyElementsForguestUser" time="3.903"/>
  <testcase classname="Tests.guest_user_flow" name="verifyElementsForguestUser" time="3.868"/>
  <testcase classname="Tests.guest_user_flow" name="verifyElementsForguestUser" time="4.011"/>
  <testcase classname="Tests.guest_user_flow" name="verifyElementsForguestUser" time="4.047"/>
  <testcase classname="Tests.guest_user_flow" name="verifyElementsForguestUser" time="9.251"/>
  <testcase classname="Tests.guest_user_flow" name="verifyElementsForguestUser" time="4.457"/>
  <testcase classname="Tests.guest_user_flow" name="verifyElementsForguestUser" time="4.841"/>
  <testcase classname="Tests.guest_user_flow" name="verifyElementsForguestUser" time="3.931"/>
  <testcase classname="Tests.guest_user_flow" name="verifyElementsForguestUser" time="4.060"/>
  <testcase classname="Tests.guest_user_flow" name="verifyElementsForguestUser" time="4.153"/>
  <testcase classname="Tests.guest_user_flow" name="verifyElementsForguestUser" time="4.220"/>
  <testcase classname="Tests.guest_user_flow" name="verifyElementsForguestUser" time="4.613"/>
  <testcase classname="Tests.guest_user_flow" name="verifyElementsForguestUser" time="4.388"/>
  <testcase classname="Tests.guest_user_flow" name="verifyElementsForguestUser" time="4.020"/>
</testsuite> <!-- Tests.guest_user_flow -->
