<?xml version="1.0" encoding="UTF-8"?>
<!-- Generated by org.testng.reporters.JUnitReportReporter -->
<testsuite hostname="DESKTOP-E08C3A6" failures="0" tests="1" name="Tests.baseTest" time="6.707" errors="0" timestamp="2025-09-04T14:21:15 IST" skipped="0">
  <testcase classname="Tests.baseTest" name="testing" time="6.707"/>
</testsuite> <!-- Tests.baseTest -->
