<?xml version="1.0" encoding="UTF-8"?>
<!-- Generated by org.testng.reporters.JUnitReportReporter -->
<testsuite hostname="DESKTOP-E08C3A6" failures="0" tests="1" name="Tests.guest_user_flow" time="5.763" errors="0" timestamp="2025-09-27T12:29:25 IST" skipped="0">
  <testcase classname="Tests.guest_user_flow" name="home_page_guest" time="5.763"/>
</testsuite> <!-- Tests.guest_user_flow -->
