<?xml version="1.0" encoding="UTF-8"?>
<!-- Generated by org.testng.reporters.JUnitReportReporter -->
<testsuite hostname="DESKTOP-E08C3A6" failures="0" tests="15" name="Tests.guest_user_flow" time="68.330" errors="0" timestamp="2025-09-26T12:03:53 IST" skipped="0">
  <testcase classname="Tests.guest_user_flow" name="verifyElementsForguestUser" time="6.566"/>
  <testcase classname="Tests.guest_user_flow" name="verifyElementsForguestUser" time="4.810"/>
  <testcase classname="Tests.guest_user_flow" name="verifyElementsForguestUser" time="3.773"/>
  <testcase classname="Tests.guest_user_flow" name="verifyElementsForguestUser" time="3.877"/>
  <testcase classname="Tests.guest_user_flow" name="verifyElementsForguestUser" time="4.056"/>
  <testcase classname="Tests.guest_user_flow" name="verifyElementsForguestUser" time="3.871"/>
  <testcase classname="Tests.guest_user_flow" name="verifyElementsForguestUser" time="5.014"/>
  <testcase classname="Tests.guest_user_flow" name="verifyElementsForguestUser" time="4.121"/>
  <testcase classname="Tests.guest_user_flow" name="verifyElementsForguestUser" time="4.006"/>
  <testcase classname="Tests.guest_user_flow" name="verifyElementsForguestUser" time="4.471"/>
  <testcase classname="Tests.guest_user_flow" name="verifyElementsForguestUser" time="4.825"/>
  <testcase classname="Tests.guest_user_flow" name="verifyElementsForguestUser" time="4.734"/>
  <testcase classname="Tests.guest_user_flow" name="verifyElementsForguestUser" time="4.348"/>
  <testcase classname="Tests.guest_user_flow" name="verifyElementsForguestUser" time="5.493"/>
  <testcase classname="Tests.guest_user_flow" name="verifyElementsForguestUser" time="4.365"/>
</testsuite> <!-- Tests.guest_user_flow -->
